[    0.000000] Linux version 4.15.0-180-generic (buildd@lcy02-amd64-097) (gcc version 7.5.0 (Ubuntu 7.5.0-3ubuntu1~18.04)) #189-Ubuntu SMP Wed May 18 14:13:57 UTC 2022 (Ubuntu 4.15.0-180.189-generic 4.15.18)
[    0.000000] Command line: BOOT_IMAGE=/boot/vmlinuz-4.15.0-180-generic root=LABEL=cloudimg-rootfs ro console=tty1 console=ttyS0
[    0.000000] KERNEL supported cpus:
[    0.000000]   Intel GenuineIntel
[    0.000000]   AMD AuthenticAMD
[    0.000000]   Centaur CentaurHauls
[    0.000000] x86/fpu: x87 FPU will use FXSAVE
[    0.000000] e820: BIOS-provided physical RAM map:
[    0.000000] BIOS-e820: [mem 0x0000000000000000-0x000000000009fbff] usable
[    0.000000] BIOS-e820: [mem 0x000000000009fc00-0x000000000009ffff] reserved
[    0.000000] BIOS-e820: [mem 0x00000000000f0000-0x00000000000fffff] reserved
[    0.000000] BIOS-e820: [mem 0x0000000000100000-0x000000003ffeffff] usable
[    0.000000] BIOS-e820: [mem 0x000000003fff0000-0x000000003fffffff] ACPI data
[    0.000000] BIOS-e820: [mem 0x00000000fec00000-0x00000000fec00fff] reserved
[    0.000000] BIOS-e820: [mem 0x00000000fee00000-0x00000000fee00fff] reserved
[    0.000000] BIOS-e820: [mem 0x00000000fffc0000-0x00000000ffffffff] reserved
[    0.000000] NX (Execute Disable) protection: active
[    0.000000] SMBIOS 2.5 present.
[    0.000000] DMI: innotek GmbH VirtualBox/VirtualBox, BIOS VirtualBox 12/01/2006
[    0.000000] Hypervisor detected: KVM
[    0.000000] e820: last_pfn = 0x3fff0 max_arch_pfn = 0x400000000
[    0.000000] MTRR: Disabled
[    0.000000] x86/PAT: MTRRs disabled, skipping PAT initialization too.
[    0.000000] CPU MTRRs all blank - virtualized system.
[    0.000000] x86/PAT: Configuration [0-7]: WB  WT  UC- UC  WB  WT  UC- UC  
[    0.000000] found SMP MP-table at [mem 0x0009fff0-0x0009ffff]
[    0.000000] Scanning 1 areas for low memory corruption
[    0.000000] RAMDISK: [mem 0x359c7000-0x36cdafff]
[    0.000000] ACPI: Early table checksum verification disabled
[    0.000000] ACPI: RSDP 0x00000000000E0000 000024 (v02 VBOX  )
[    0.000000] ACPI: XSDT 0x000000003FFF0030 00003C (v01 VBOX   VBOXXSDT 00000001 ASL  00000061)
[    0.000000] ACPI: FACP 0x000000003FFF00F0 0000F4 (v04 VBOX   VBOXFACP 00000001 ASL  00000061)
[    0.000000] ACPI: DSDT 0x000000003FFF0470 002325 (v02 VBOX   VBOXBIOS 00000002 INTL 20100528)
[    0.000000] ACPI: FACS 0x000000003FFF0200 000040
[    0.000000] ACPI: FACS 0x000000003FFF0200 000040
[    0.000000] ACPI: APIC 0x000000003FFF0240 00005C (v02 VBOX   VBOXAPIC 00000001 ASL  00000061)
[    0.000000] ACPI: SSDT 0x000000003FFF02A0 0001CC (v01 VBOX   VBOXCPUT 00000002 INTL 20100528)
[    0.000000] ACPI: Reserving FACP table memory at [mem 0x3fff00f0-0x3fff01e3]
[    0.000000] ACPI: Reserving DSDT table memory at [mem 0x3fff0470-0x3fff2794]
[    0.000000] ACPI: Reserving FACS table memory at [mem 0x3fff0200-0x3fff023f]
[    0.000000] ACPI: Reserving FACS table memory at [mem 0x3fff0200-0x3fff023f]
[    0.000000] ACPI: Reserving APIC table memory at [mem 0x3fff0240-0x3fff029b]
[    0.000000] ACPI: Reserving SSDT table memory at [mem 0x3fff02a0-0x3fff046b]
[    0.000000] No NUMA configuration found
[    0.000000] Faking a node at [mem 0x0000000000000000-0x000000003ffeffff]
[    0.000000] NODE_DATA(0) allocated [mem 0x3ffc5000-0x3ffeffff]
[    0.000000] kvm-clock: cpu 0, msr 0:3ff44001, primary cpu clock
[    0.000000] kvm-clock: Using msrs 4b564d01 and 4b564d00
[    0.000000] kvm-clock: using sched offset of 4755433248 cycles
[    0.000000] clocksource: kvm-clock: mask: 0xffffffffffffffff max_cycles: 0x1cd42e4dffb, max_idle_ns: 881590591483 ns
[    0.000000] Zone ranges:
[    0.000000]   DMA      [mem 0x0000000000001000-0x0000000000ffffff]
[    0.000000]   DMA32    [mem 0x0000000001000000-0x000000003ffeffff]
[    0.000000]   Normal   empty
[    0.000000]   Device   empty
[    0.000000] Movable zone start for each node
[    0.000000] Early memory node ranges
[    0.000000]   node   0: [mem 0x0000000000001000-0x000000000009efff]
[    0.000000]   node   0: [mem 0x0000000000100000-0x000000003ffeffff]
[    0.000000] Reserved but unavailable: 104 pages
[    0.000000] Initmem setup node 0 [mem 0x0000000000001000-0x000000003ffeffff]
[    0.000000] ACPI: PM-Timer IO Port: 0x4008
[    0.000000] IOAPIC[0]: apic_id 2, version 32, address 0xfec00000, GSI 0-23
[    0.000000] ACPI: INT_SRC_OVR (bus 0 bus_irq 0 global_irq 2 dfl dfl)
[    0.000000] ACPI: INT_SRC_OVR (bus 0 bus_irq 9 global_irq 9 low level)
[    0.000000] Using ACPI (MADT) for SMP configuration information
[    0.000000] smpboot: Allowing 2 CPUs, 0 hotplug CPUs
[    0.000000] PM: Registered nosave memory: [mem 0x00000000-0x00000fff]
[    0.000000] PM: Registered nosave memory: [mem 0x0009f000-0x0009ffff]
[    0.000000] PM: Registered nosave memory: [mem 0x000a0000-0x000effff]
[    0.000000] PM: Registered nosave memory: [mem 0x000f0000-0x000fffff]
[    0.000000] e820: [mem 0x40000000-0xfebfffff] available for PCI devices
[    0.000000] Booting paravirtualized kernel on KVM
[    0.000000] clocksource: refined-jiffies: mask: 0xffffffff max_cycles: 0xffffffff, max_idle_ns: 7645519600211568 ns
[    0.000000] random: get_random_bytes called from start_kernel+0x99/0x500 with crng_init=0
[    0.000000] setup_percpu: NR_CPUS:8192 nr_cpumask_bits:2 nr_cpu_ids:2 nr_node_ids:1
[    0.000000] percpu: Embedded 50 pages/cpu s167936 r8192 d28672 u1048576
[    0.000000] PV qspinlock hash table entries: 256 (order: 0, 4096 bytes)
[    0.000000] Built 1 zonelists, mobility grouping on.  Total pages: 257913
[    0.000000] Policy zone: DMA32
[    0.000000] Kernel command line: BOOT_IMAGE=/boot/vmlinuz-4.15.0-180-generic root=LABEL=cloudimg-rootfs ro console=tty1 console=ttyS0
[    0.000000] Memory: 982640K/1048120K available (12300K kernel code, 2484K rwdata, 4324K rodata, 2468K init, 2724K bss, 65480K reserved, 0K cma-reserved)
[    0.000000] SLUB: HWalign=64, Order=0-3, MinObjects=0, CPUs=2, Nodes=1
[    0.000000] Kernel/User page tables isolation: enabled
[    0.000000] ftrace: allocating 39507 entries in 155 pages
[    0.004000] Hierarchical RCU implementation.
[    0.004000] 	RCU restricting CPUs from NR_CPUS=8192 to nr_cpu_ids=2.
[    0.004000] 	Tasks RCU enabled.
[    0.004000] RCU: Adjusting geometry for rcu_fanout_leaf=16, nr_cpu_ids=2
[    0.004000] NR_IRQS: 524544, nr_irqs: 440, preallocated irqs: 16
[    0.004000] Console: colour VGA+ 80x25
[    0.004000] console [tty1] enabled
[    0.004000] console [ttyS0] enabled
[    0.004000] ACPI: Core revision 20170831
[    0.004000] ACPI: 2 ACPI AML tables successfully acquired and loaded
[    0.004000] APIC: Switch to symmetric I/O mode setup
[    0.008000] ..TIMER: vector=0x30 apic1=0 pin1=2 apic2=-1 pin2=-1
[    0.008000] tsc: Detected 2993.068 MHz processor
[    0.008000] Calibrating delay loop (skipped) preset value.. 5986.13 BogoMIPS (lpj=11972272)
[    0.008000] pid_max: default: 32768 minimum: 301
[    0.008000] Security Framework initialized
[    0.008000] Yama: becoming mindful.
[    0.008000] AppArmor: AppArmor initialized
[    0.008000] Dentry cache hash table entries: 131072 (order: 8, 1048576 bytes)
[    0.008000] Inode-cache hash table entries: 65536 (order: 7, 524288 bytes)
[    0.008000] Mount-cache hash table entries: 2048 (order: 2, 16384 bytes)
[    0.008000] Mountpoint-cache hash table entries: 2048 (order: 2, 16384 bytes)
[    0.009290] Last level iTLB entries: 4KB 1024, 2MB 1024, 4MB 1024
[    0.012000] Last level dTLB entries: 4KB 1024, 2MB 1024, 4MB 1024, 1GB 4
[    0.012000] Spectre V1 : Mitigation: usercopy/swapgs barriers and __user pointer sanitization
[    0.012000] Spectre V2 : Mitigation: Retpolines
[    0.012000] Spectre V2 : Spectre v2 / SpectreRSB mitigation: Filling RSB on context switch
[    0.012000] Speculative Store Bypass: Vulnerable
[    0.012000] MDS: Mitigation: Clear CPU buffers
[    0.012000] Freeing SMP alternatives memory: 36K
[    0.121982] smpboot: CPU0: Intel(R) Core(TM) i7-5960X CPU @ 3.00GHz (family: 0x6, model: 0x3f, stepping: 0x2)
[    0.124000] Performance Events: unsupported p6 CPU model 63 no PMU driver, software events only.
[    0.124000] Hierarchical SRCU implementation.
[    0.124000] NMI watchdog: Perf event create on CPU 0 failed with -2
[    0.124000] NMI watchdog: Perf NMI watchdog permanently disabled
[    0.124000] smp: Bringing up secondary CPUs ...
[    0.124000] x86: Booting SMP configuration:
[    0.124000] .... node  #0, CPUs:      #1
[    0.004000] kvm-clock: cpu 1, msr 0:3ff44041, secondary cpu clock
[    0.128000] TSC synchronization [CPU#0 -> CPU#1]:
[    0.128000] Measured 66891 cycles TSC warp between CPUs, turning off TSC clock.
[    0.128000] tsc: Marking TSC unstable due to check_tsc_sync_source failed
[    0.132278] smp: Brought up 1 node, 2 CPUs
[    0.136000] smpboot: Max logical packages: 1
[    0.136000] smpboot: Total of 2 processors activated (11972.27 BogoMIPS)
[    0.136696] devtmpfs: initialized
[    0.139525] x86/mm: Memory block size: 128MB
[    0.140000] evm: security.selinux
[    0.140000] evm: security.SMACK64
[    0.140000] evm: security.SMACK64EXEC
[    0.140000] evm: security.SMACK64TRANSMUTE
[    0.140000] evm: security.SMACK64MMAP
[    0.140000] evm: security.apparmor
[    0.140000] evm: security.ima
[    0.140000] evm: security.capability
[    0.144226] clocksource: jiffies: mask: 0xffffffff max_cycles: 0xffffffff, max_idle_ns: 7645041785100000 ns
[    0.148000] futex hash table entries: 512 (order: 3, 32768 bytes)
[    0.148000] pinctrl core: initialized pinctrl subsystem
[    0.148000] RTC time: 18:36:22, date: 06/06/22
[    0.148000] NET: Registered protocol family 16
[    0.148000] audit: initializing netlink subsys (disabled)
[    0.148457] audit: type=2000 audit(1654540587.242:1): state=initialized audit_enabled=0 res=1
[    0.180343] cpuidle: using governor ladder
[    0.184000] cpuidle: using governor menu
[    0.184000] ACPI: bus type PCI registered
[    0.184000] acpiphp: ACPI Hot Plug PCI Controller Driver version: 0.5
[    0.184000] PCI: Using configuration type 1 for base access
[    0.189215] HugeTLB registered 2.00 MiB page size, pre-allocated 0 pages
[    0.196788] ACPI: Added _OSI(Module Device)
[    0.208002] ACPI: Added _OSI(Processor Device)
[    0.224002] ACPI: Added _OSI(3.0 _SCP Extensions)
[    0.224002] ACPI: Added _OSI(Processor Aggregator Device)
[    0.224002] ACPI: Added _OSI(Linux-Dell-Video)
[    0.224002] ACPI: Added _OSI(Linux-Lenovo-NV-HDMI-Audio)
[    0.256005] ACPI: Added _OSI(Linux-HPI-Hybrid-Graphics)
[    0.264921] ACPI: Executed 1 blocks of module-level executable AML code
[    0.286540] ACPI: Interpreter enabled
[    0.288000] ACPI: (supports S0 S5)
[    0.288000] ACPI: Using IOAPIC for interrupt routing
[    0.300433] PCI: Using host bridge windows from ACPI; if necessary, use "pci=nocrs" and report a bug
[    0.304000] ACPI: Enabled 2 GPEs in block 00 to 07
[    0.334826] ACPI: PCI Root Bridge [PCI0] (domain 0000 [bus 00-ff])
[    0.336000] acpi PNP0A03:00: _OSC: OS supports [ASPM ClockPM Segments MSI]
[    0.352899] acpi PNP0A03:00: _OSC: not requesting OS control; OS requires [ExtendedConfig ASPM ClockPM MSI]
[    0.356000] acpi PNP0A03:00: fail to add MMCONFIG information, can't access extended PCI configuration space under this bridge.
[    0.380927] PCI host bridge to bus 0000:00
[    0.384000] pci_bus 0000:00: root bus resource [io  0x0000-0x0cf7 window]
[    0.384000] pci_bus 0000:00: root bus resource [io  0x0d00-0xffff window]
[    0.384000] pci_bus 0000:00: root bus resource [mem 0x000a0000-0x000bffff window]
[    0.384000] pci_bus 0000:00: root bus resource [mem 0x40000000-0xfdffffff window]
[    0.384000] pci_bus 0000:00: root bus resource [bus 00-ff]
[    0.438918] pci 0000:00:01.1: legacy IDE quirk: reg 0x10: [io  0x01f0-0x01f7]
[    0.440000] pci 0000:00:01.1: legacy IDE quirk: reg 0x14: [io  0x03f6]
[    0.440000] pci 0000:00:01.1: legacy IDE quirk: reg 0x18: [io  0x0170-0x0177]
[    0.440000] pci 0000:00:01.1: legacy IDE quirk: reg 0x1c: [io  0x0376]
[    0.514992] pci 0000:00:07.0: quirk: [io  0x4000-0x403f] claimed by PIIX4 ACPI
[    0.516000] pci 0000:00:07.0: quirk: [io  0x4100-0x410f] claimed by PIIX4 SMB
[    0.548622] ACPI: PCI Interrupt Link [LNKA] (IRQs 5 9 10 *11)
[    0.556645] ACPI: PCI Interrupt Link [LNKB] (IRQs 5 9 *10 11)
[    0.560000] ACPI: PCI Interrupt Link [LNKC] (IRQs 5 *9 10 11)
[    0.560000] ACPI: PCI Interrupt Link [LNKD] (IRQs 5 9 10 *11)
[    0.560000] SCSI subsystem initialized
[    0.584659] pci 0000:00:02.0: vgaarb: setting as boot VGA device
[    0.588000] pci 0000:00:02.0: vgaarb: VGA device added: decodes=io+mem,owns=io+mem,locks=none
[    0.588000] pci 0000:00:02.0: vgaarb: bridge control possible
[    0.588000] vgaarb: loaded
[    0.588000] ACPI: bus type USB registered
[    0.588000] usbcore: registered new interface driver usbfs
[    0.588000] usbcore: registered new interface driver hub
[    0.588000] usbcore: registered new device driver usb
[    0.644150] EDAC MC: Ver: 3.0.0
[    0.652329] PCI: Using ACPI for IRQ routing
[    0.668006] NetLabel: Initializing
[    0.668006] NetLabel:  domain hash size = 128
[    0.668006] NetLabel:  protocols = UNLABELED CIPSOv4 CALIPSO
[    0.668006] NetLabel:  unlabeled traffic allowed by default
[    0.692674] clocksource: Switched to clocksource kvm-clock
[    0.754870] VFS: Disk quotas dquot_6.6.0
[    0.755955] VFS: Dquot-cache hash table entries: 512 (order 0, 4096 bytes)
[    0.755955] AppArmor: AppArmor Filesystem Enabled
[    0.755955] pnp: PnP ACPI init
[    0.794094] pnp: PnP ACPI: found 3 devices
[    0.814940] clocksource: acpi_pm: mask: 0xffffff max_cycles: 0xffffff, max_idle_ns: 2085701024 ns
[    0.816879] NET: Registered protocol family 2
[    0.816879] IP idents hash table entries: 16384 (order: 5, 131072 bytes)
[    0.816879] TCP established hash table entries: 8192 (order: 4, 65536 bytes)
[    0.816879] TCP bind hash table entries: 8192 (order: 5, 131072 bytes)
[    0.816879] TCP: Hash tables configured (established 8192 bind 8192)
[    0.881044] UDP hash table entries: 512 (order: 2, 16384 bytes)
[    0.884870] UDP-Lite hash table entries: 512 (order: 2, 16384 bytes)
[    0.884870] NET: Registered protocol family 1
[    0.884870] pci 0000:00:00.0: Limiting direct PCI/PCI transfers
[    0.884870] pci 0000:00:01.0: Activating ISA DMA hang workarounds
[    0.884870] pci 0000:00:02.0: Video device with shadowed ROM at [mem 0x000c0000-0x000dffff]
[    0.884870] Unpacking initramfs...
[    1.529657] Freeing initrd memory: 19536K
[    1.551737] clocksource: tsc: mask: 0xffffffffffffffff max_cycles: 0x2b24b121e9a, max_idle_ns: 440795245111 ns
[    1.555475] platform rtc_cmos: registered platform RTC device (no PNP device found)
[    1.555475] Scanning for low memory corruption every 60 seconds
[    1.599768] Initialise system trusted keyrings
[    1.602621] Key type blacklist registered
[    1.613512] workingset: timestamp_bits=36 max_order=18 bucket_order=0
[    1.617306] zbud: loaded
[    1.630012] squashfs: version 4.0 (2009/01/31) Phillip Lougher
[    1.638430] fuse init (API version 7.26)
[    1.688060] Key type asymmetric registered
[    1.691860] Asymmetric key parser 'x509' registered
[    1.691860] Block layer SCSI generic (bsg) driver version 0.4 loaded (major 246)
[    1.726111] io scheduler noop registered
[    1.729760] io scheduler deadline registered
[    1.729760] io scheduler cfq registered (default)
[    1.755136] ACPI: AC Adapter [AC] (on-line)
[    1.758500] input: Power Button as /devices/LNXSYSTM:00/LNXPWRBN:00/input/input0
[    1.772896] ACPI: Power Button [PWRF]
[    1.778404] input: Sleep Button as /devices/LNXSYSTM:00/LNXSLPBN:00/input/input1
[    1.782273] ACPI: Sleep Button [SLPF]
[    1.794699] Serial: 8250/16550 driver, 32 ports, IRQ sharing enabled
[    1.857280] 00:02: ttyS0 at I/O 0x3f8 (irq = 4, base_baud = 115200) is a 16550A
[    1.860308] Linux agpgart interface v0.103
[    1.893981] loop: module loaded
[    1.909612] scsi host0: ata_piix
[    1.921613] scsi host1: ata_piix
[    1.924889] ata1: PATA max UDMA/33 cmd 0x1f0 ctl 0x3f6 bmdma 0xd000 irq 14
[    1.924889] ata2: PATA max UDMA/33 cmd 0x170 ctl 0x376 bmdma 0xd008 irq 15
[    1.924889] tun: Universal TUN/TAP device driver, 1.6
[    1.955770] PPP generic driver version 2.4.2
[    1.955770] ehci_hcd: USB 2.0 'Enhanced' Host Controller (EHCI) Driver
[    1.955770] ehci-pci: EHCI PCI platform driver
[    1.955770] ehci-platform: EHCI generic platform driver
[    1.955770] ohci_hcd: USB 1.1 'Open' Host Controller (OHCI) Driver
[    1.955770] ohci-pci: OHCI PCI platform driver
[    1.955770] ohci-platform: OHCI generic platform driver
[    1.955770] uhci_hcd: USB Universal Host Controller Interface driver
[    1.955770] i8042: PNP: PS/2 Controller [PNP0303:PS2K,PNP0f03:PS2M] at 0x60,0x64 irq 1,12
[    2.044461] serio: i8042 KBD port at 0x60,0x64 irq 1
[    2.044552] serio: i8042 AUX port at 0x60,0x64 irq 12
[    2.044552] mousedev: PS/2 mouse device common for all mice
[    2.072153] rtc_cmos rtc_cmos: rtc core: registered rtc_cmos as rtc0
[    2.074530] rtc_cmos rtc_cmos: alarms up to one day, 114 bytes nvram
[    2.074530] i2c /dev entries driver
[    2.074530] device-mapper: uevent: version 1.0.3
[    2.074530] device-mapper: ioctl: 4.37.0-ioctl (2017-09-20) initialised: dm-devel@redhat.com
[    2.119727] ledtrig-cpu: registered to indicate activity on CPUs
[    2.135052] input: AT Translated Set 2 keyboard as /devices/platform/i8042/serio0/input/input2
[    2.173406] NET: Registered protocol family 10
[    2.190726] Segment Routing with IPv6
[    2.194698] NET: Registered protocol family 17
[    2.235449] Key type dns_resolver registered
[    2.242073] mce: Using 0 MCE banks
[    2.245829] RAS: Correctable Errors collector initialized.
[    2.245829] sched_clock: Marking stable (2241829065, 0)->(3534142108, -1292313043)
[    2.272211] registered taskstats version 1
[    2.278503] Loading compiled-in X.509 certificates
[    2.296090] Loaded X.509 cert 'Build time autogenerated kernel key: 5b165579d658a5808005e73a2425cc20635793b1'
[    2.308772] Loaded X.509 cert 'Canonical Ltd. Live Patch Signing: 14df34d1a87cf37625abec039ef2bf521249b969'
[    2.320817] Loaded X.509 cert 'Canonical Ltd. Kernel Module Signing: 88f752e560a1e0737e31163a466ad7b70a850c19'
[    2.332115] blacklist: Loading compiled-in revocation X.509 certificates
[    2.339606] Loaded X.509 cert 'Canonical Ltd. Secure Boot Signing: 61482aa2830d0ab2ad5af10b7250da9033ddcef0'
[    2.350786] zswap: loaded using pool lzo/zbud
[    2.380156] Key type big_key registered
[    2.385027] Key type trusted registered
[    2.397552] Key type encrypted registered
[    2.402400] AppArmor: AppArmor sha1 policy hashing enabled
[    2.408835] ima: No TPM chip found, activating TPM-bypass! (rc=-19)
[    2.417116] ima: Allocated hash algorithm: sha1
[    2.422278] evm: HMAC attrs: 0x1
[    2.427539]   Magic number: 10:939:644
[    2.432964] rtc_cmos rtc_cmos: setting system clock to 2022-06-06 18:36:24 UTC (1654540584)
[    2.445479] BIOS EDD facility v0.16 2004-Jun-25, 0 devices found
[    2.460679] EDD information not available.
[    2.482761] Freeing unused kernel image memory: 2468K
[    2.501742] Write protecting the kernel read-only data: 20480k
[    2.521932] Freeing unused kernel image memory: 2008K
[    2.538366] Freeing unused kernel image memory: 1820K
[    2.554513] x86/mm: Checked W+X mappings: passed, no W+X pages found.
[    2.562390] x86/mm: Checking user space page tables
[    2.574102] x86/mm: Checked W+X mappings: passed, no W+X pages found.
Loading, please wait...
starting version 237
[    2.771859] e1000: Intel(R) PRO/1000 Network Driver - version 7.3.21-k8-NAPI
[    2.780290] e1000: Copyright (c) 1999-2006 Intel Corporation.
[    2.797462] Fusion MPT base driver 3.04.20
[    2.802569] Copyright (c) 1999-2008 LSI Corporation
